<?xml version="1.0" encoding="UTF-8"?>
<!-- Generated by org.testng.reporters.JUnitXMLReporter -->
<testsuite ignored="0" hostname="Feba-Michael" failures="0" tests="4" name="Default test" time="105.407" errors="0" timestamp="2024-02-15T16:04:46 IST">
  <testcase classname="testpkg.SassafrasShoppingtest" name="verify" time="17.343"/>
  <testcase classname="testpkg.SassafrasShoppingtest" name="addtocart" time="18.654"/>
  <testcase classname="testpkg.SassafrasShoppingtest" name="editaddressTest" time="10.846"/>
  <testcase classname="testpkg.SassafrasShoppingtest" name="loggingout" time="12.102"/>
</testsuite> <!-- Default test -->
