<?xml version="1.0" encoding="UTF-8"?>
<!-- Generated by org.testng.reporters.JUnitXMLReporter -->
<testsuite ignored="0" hostname="Feba-Michael" failures="0" tests="9" name="Test" time="306.486" errors="0" timestamp="2024-02-15T16:10:21 IST">
  <testcase classname="testpkg.SassafrasCreateacctest" name="createACCtesting" time="10.763"/>
  <testcase classname="testpkg.SassafrasLogintest" name="loginvalidationtest" time="25.829"/>
  <testcase classname="testpkg.SassafrasShoppingtest" name="verify" time="19.954"/>
  <testcase classname="testpkg.SassafrasShoppingtest" name="addtocart" time="17.383"/>
  <testcase classname="testpkg.SassafrasShoppingtest" name="editaddressTest" time="11.087"/>
  <testcase classname="testpkg.SassafrasShoppingtest" name="loggingout" time="10.683"/>
  <testcase classname="testpkg.SassafrasHometest" name="Logo_Titleverification_test" time="0.254"/>
  <testcase classname="testpkg.SassafrasHometest" name="mainmenu_test" time="0.207"/>
  <testcase classname="testpkg.SassafrasHometest" name="mhoveringtest" time="8.609"/>
</testsuite> <!-- Test -->
