<?xml version="1.0" encoding="UTF-8"?>
<testng-results ignored="0" total="9" passed="9" failed="0" skipped="0">
  <reporter-output>
  </reporter-output>
  <suite started-at="2024-02-15T16:05:14 IST" name="Suite" finished-at="2024-02-15T16:10:21 IST" duration-ms="306486">
    <groups>
    </groups>
    <test started-at="2024-02-15T16:05:14 IST" name="Test" finished-at="2024-02-15T16:10:21 IST" duration-ms="306486">
      <class name="testpkg.SassafrasLogintest">
        <test-method is-config="true" signature="setUp()[pri:0, instance:testpkg.SassafrasLogintest@229c6181]" started-at="2024-02-15T16:06:14 IST" name="setUp" finished-at="2024-02-15T16:07:02 IST" duration-ms="47462" status="PASS">
          <reporter-output>
          </reporter-output>
        </test-method> <!-- setUp -->
        <test-method signature="loginvalidationtest()[pri:0, instance:testpkg.SassafrasLogintest@229c6181]" started-at="2024-02-15T16:07:02 IST" name="loginvalidationtest" finished-at="2024-02-15T16:07:28 IST" duration-ms="25829" status="PASS">
          <reporter-output>
          </reporter-output>
        </test-method> <!-- loginvalidationtest -->
      </class> <!-- testpkg.SassafrasLogintest -->
      <class name="testpkg.SassafrasCreateacctest">
        <test-method is-config="true" signature="setUp()[pri:0, instance:testpkg.SassafrasCreateacctest@4a883b15]" started-at="2024-02-15T16:05:14 IST" name="setUp" finished-at="2024-02-15T16:06:04 IST" duration-ms="49472" status="PASS">
          <reporter-output>
          </reporter-output>
        </test-method> <!-- setUp -->
        <test-method signature="createACCtesting()[pri:0, instance:testpkg.SassafrasCreateacctest@4a883b15]" started-at="2024-02-15T16:06:04 IST" name="createACCtesting" finished-at="2024-02-15T16:06:14 IST" duration-ms="10763" status="PASS">
          <reporter-output>
          </reporter-output>
        </test-method> <!-- createACCtesting -->
      </class> <!-- testpkg.SassafrasCreateacctest -->
      <class name="testpkg.SassafrasHometest">
        <test-method is-config="true" signature="setUp()[pri:0, instance:testpkg.SassafrasHometest@1e0b4072]" started-at="2024-02-15T16:09:13 IST" name="setUp" finished-at="2024-02-15T16:10:12 IST" duration-ms="58297" status="PASS">
          <reporter-output>
          </reporter-output>
        </test-method> <!-- setUp -->
        <test-method signature="Logo_Titleverification_test()[pri:1, instance:testpkg.SassafrasHometest@1e0b4072]" started-at="2024-02-15T16:10:12 IST" name="Logo_Titleverification_test" finished-at="2024-02-15T16:10:12 IST" duration-ms="254" status="PASS">
          <reporter-output>
          </reporter-output>
        </test-method> <!-- Logo_Titleverification_test -->
        <test-method signature="mainmenu_test()[pri:2, instance:testpkg.SassafrasHometest@1e0b4072]" started-at="2024-02-15T16:10:12 IST" name="mainmenu_test" finished-at="2024-02-15T16:10:12 IST" duration-ms="207" status="PASS">
          <reporter-output>
          </reporter-output>
        </test-method> <!-- mainmenu_test -->
        <test-method signature="mhoveringtest()[pri:3, instance:testpkg.SassafrasHometest@1e0b4072]" started-at="2024-02-15T16:10:12 IST" name="mhoveringtest" finished-at="2024-02-15T16:10:21 IST" duration-ms="8609" status="PASS">
          <reporter-output>
          </reporter-output>
        </test-method> <!-- mhoveringtest -->
      </class> <!-- testpkg.SassafrasHometest -->
      <class name="testpkg.SassafrasShoppingtest">
        <test-method is-config="true" signature="setUp()[pri:0, instance:testpkg.SassafrasShoppingtest@4686afc2]" started-at="2024-02-15T16:07:28 IST" name="setUp" finished-at="2024-02-15T16:08:14 IST" duration-ms="46387" status="PASS">
          <reporter-output>
          </reporter-output>
        </test-method> <!-- setUp -->
        <test-method signature="verify()[pri:1, instance:testpkg.SassafrasShoppingtest@4686afc2]" started-at="2024-02-15T16:08:14 IST" name="verify" finished-at="2024-02-15T16:08:34 IST" duration-ms="19954" status="PASS">
          <reporter-output>
          </reporter-output>
        </test-method> <!-- verify -->
        <test-method signature="addtocart()[pri:2, instance:testpkg.SassafrasShoppingtest@4686afc2]" started-at="2024-02-15T16:08:34 IST" name="addtocart" finished-at="2024-02-15T16:08:51 IST" duration-ms="17383" status="PASS">
          <reporter-output>
          </reporter-output>
        </test-method> <!-- addtocart -->
        <test-method signature="editaddressTest()[pri:3, instance:testpkg.SassafrasShoppingtest@4686afc2]" started-at="2024-02-15T16:08:51 IST" name="editaddressTest" finished-at="2024-02-15T16:09:03 IST" duration-ms="11087" status="PASS">
          <reporter-output>
          </reporter-output>
        </test-method> <!-- editaddressTest -->
        <test-method signature="loggingout()[pri:4, instance:testpkg.SassafrasShoppingtest@4686afc2]" started-at="2024-02-15T16:09:03 IST" name="loggingout" finished-at="2024-02-15T16:09:13 IST" duration-ms="10683" status="PASS">
          <reporter-output>
          </reporter-output>
        </test-method> <!-- loggingout -->
      </class> <!-- testpkg.SassafrasShoppingtest -->
    </test> <!-- Test -->
  </suite> <!-- Suite -->
</testng-results>
